{"meta": {"format": 3, "version": "7.13.0", "timestamp": "2025-12-18T16:46:04.631459", "branch_coverage": true, "show_contexts": false}, "files": {"plugins\\__init__.py": {"executed_lines": [], "summary": {"covered_lines": 0, "num_statements": 0, "percent_covered": 100.0, "percent_covered_display": "100.00", "missing_lines": 0, "excluded_lines": 0, "percent_statements_covered": 100.0, "percent_statements_covered_display": "100.00", "num_branches": 0, "num_partial_branches": 0, "covered_branches": 0, "missing_branches": 0, "percent_branches_covered": 100.0, "percent_branches_covered_display": "100.00"}, "missing_lines": [], "excluded_lines": [], "executed_branches": [], "missing_branches": [], "functions": {"": {"executed_lines": [], "summary": {"covered_lines": 0, "num_statements": 0, "percent_covered": 100.0, "percent_covered_display": "100.00", "missing_lines": 0, "excluded_lines": 0, "percent_statements_covered": 100.0, "percent_statements_covered_display": "100.00", "num_branches": 0, "num_partial_branches": 0, "covered_branches": 0, "missing_branches": 0, "percent_branches_covered": 100.0, "percent_branches_covered_display": "100.00"}, "missing_lines": [], "excluded_lines": [], "executed_branches": [], "missing_branches": []}}, "classes": {"": {"executed_lines": [], "summary": {"covered_lines": 0, "num_statements": 0, "percent_covered": 100.0, "percent_covered_display": "100.00", "missing_lines": 0, "excluded_lines": 0, "percent_statements_covered": 100.0, "percent_statements_covered_display": "100.00", "num_branches": 0, "num_partial_branches": 0, "covered_branches": 0, "missing_branches": 0, "percent_branches_covered": 100.0, "percent_branches_covered_display": "100.00"}, "missing_lines": [], "excluded_lines": [], "executed_branches": [], "missing_branches": []}}}, "plugins\\gh\\__init__.py": {"executed_lines": [], "summary": {"covered_lines": 0, "num_statements": 0, "percent_covered": 100.0, "percent_covered_display": "100.00", "missing_lines": 0, "excluded_lines": 0, "percent_statements_covered": 100.0, "percent_statements_covered_display": "100.00", "num_branches": 0, "num_partial_branches": 0, "covered_branches": 0, "missing_branches": 0, "percent_branches_covered": 100.0, "percent_branches_covered_display": "100.00"}, "missing_lines": [], "excluded_lines": [], "executed_branches": [], "missing_branches": [], "functions": {"": {"executed_lines": [], "summary": {"covered_lines": 0, "num_statements": 0, "percent_covered": 100.0, "percent_covered_display": "100.00", "missing_lines": 0, "excluded_lines": 0, "percent_statements_covered": 100.0, "percent_statements_covered_display": "100.00", "num_branches": 0, "num_partial_branches": 0, "covered_branches": 0, "missing_branches": 0, "percent_branches_covered": 100.0, "percent_branches_covered_display": "100.00"}, "missing_lines": [], "excluded_lines": [], "executed_branches": [], "missing_branches": []}}, "classes": {"": {"executed_lines": [], "summary": {"covered_lines": 0, "num_statements": 0, "percent_covered": 100.0, "percent_covered_display": "100.00", "missing_lines": 0, "excluded_lines": 0, "percent_statements_covered": 100.0, "percent_statements_covered_display": "100.00", "num_branches": 0, "num_partial_branches": 0, "covered_branches": 0, "missing_branches": 0, "percent_branches_covered": 100.0, "percent_branches_covered_display": "100.00"}, "missing_lines": [], "excluded_lines": [], "executed_branches": [], "missing_branches": []}}}, "plugins\\gh\\cli.py": {"executed_lines": [2, 9, 10, 11, 12, 13, 14, 17, 19, 21, 22, 23, 24, 25, 27, 29, 30, 31, 32, 34, 36, 39, 40, 48, 49, 55, 61, 62, 63, 64, 65, 66, 69, 75, 76, 77, 78, 80, 82, 83, 87, 88, 89, 91, 92, 94, 95, 98, 99, 104, 106, 137, 139, 152, 154, 157, 158, 159, 160, 161, 163, 166, 167, 168, 170, 171, 172, 174, 175, 177, 180, 181, 182, 183, 184, 186, 188, 191, 192, 194, 195, 196, 199], "summary": {"covered_lines": 81, "num_statements": 81, "percent_covered": 100.0, "percent_covered_display": "100.00", "missing_lines": 0, "excluded_lines": 2, "percent_statements_covered": 100.0, "percent_statements_covered_display": "100.00", "num_branches": 32, "num_partial_branches": 0, "covered_branches": 32, "missing_branches": 0, "percent_branches_covered": 100.0, "percent_branches_covered_display": "100.00"}, "missing_lines": [], "excluded_lines": [199, 200], "executed_branches": [[23, 24], [23, 30], [25, 27], [25, 29], [30, 31], [30, 39], [32, 34], [32, 36], [39, 40], [39, 48], [62, 63], [62, 64], [64, 65], [64, 66], [75, 76], [75, 77], [77, 78], [77, 80], [80, 82], [80, 87], [87, 88], [87, 91], [166, 167], [166, 170], [170, 171], [170, 174], [175, 177], [175, 188], [181, 182], [181, 183], [183, 184], [183, 186]], "missing_branches": [], "functions": {"run": {"executed_lines": [19, 21, 22, 23, 24, 25, 27, 29, 30, 31, 32, 34, 36, 39, 40, 48, 49, 55, 61, 62, 63, 64, 65, 66, 69, 75, 76, 77, 78, 80, 82, 83, 87, 88, 89, 91, 92, 94, 95, 98, 99], "summary": {"covered_lines": 41, "num_statements": 41, "percent_covered": 100.0, "percent_covered_display": "100.00", "missing_lines": 0, "excluded_lines": 0, "percent_statements_covered": 100.0, "percent_statements_covered_display": "100.00", "num_branches": 22, "num_partial_branches": 0, "covered_branches": 22, "missing_branches": 0, "percent_branches_covered": 100.0, "percent_branches_covered_display": "100.00"}, "missing_lines": [], "excluded_lines": [], "executed_branches": [[23, 24], [23, 30], [25, 27], [25, 29], [30, 31], [30, 39], [32, 34], [32, 36], [39, 40], [39, 48], [62, 63], [62, 64], [64, 65], [64, 66], [75, 76], [75, 77], [77, 78], [77, 80], [80, 82], [80, 87], [87, 88], [87, 91]], "missing_branches": []}, "describe": {"executed_lines": [106], "summary": {"covered_lines": 1, "num_statements": 1, "percent_covered": 100.0, "percent_covered_display": "100.00", "missing_lines": 0, "excluded_lines": 0, "percent_statements_covered": 100.0, "percent_statements_covered_display": "100.00", "num_branches": 0, "num_partial_branches": 0, "covered_branches": 0, "missing_branches": 0, "percent_branches_covered": 100.0, "percent_branches_covered_display": "100.00"}, "missing_lines": [], "excluded_lines": [], "executed_branches": [], "missing_branches": []}, "main": {"executed_lines": [139, 152, 154, 157, 158, 159, 160, 161, 163, 166, 167, 168, 170, 171, 172, 174, 175, 177, 180, 181, 182, 183, 184, 186, 188, 191, 192, 194, 195, 196], "summary": {"covered_lines": 30, "num_statements": 30, "percent_covered": 100.0, "percent_covered_display": "100.00", "missing_lines": 0, "excluded_lines": 0, "percent_statements_covered": 100.0, "percent_statements_covered_display": "100.00", "num_branches": 10, "num_partial_branches": 0, "covered_branches": 10, "missing_branches": 0, "percent_branches_covered": 100.0, "percent_branches_covered_display": "100.00"}, "missing_lines": [], "excluded_lines": [], "executed_branches": [[166, 167], [166, 170], [170, 171], [170, 174], [175, 177], [175, 188], [181, 182], [181, 183], [183, 184], [183, 186]], "missing_branches": []}, "": {"executed_lines": [2, 9, 10, 11, 12, 13, 14, 17, 104, 137, 199], "summary": {"covered_lines": 9, "num_statements": 9, "percent_covered": 100.0, "percent_covered_display": "100.00", "missing_lines": 0, "excluded_lines": 2, "percent_statements_covered": 100.0, "percent_statements_covered_display": "100.00", "num_branches": 0, "num_partial_branches": 0, "covered_branches": 0, "missing_branches": 0, "percent_branches_covered": 100.0, "percent_branches_covered_display": "100.00"}, "missing_lines": [], "excluded_lines": [199, 200], "executed_branches": [], "missing_branches": []}}, "classes": {"": {"executed_lines": [2, 9, 10, 11, 12, 13, 14, 17, 19, 21, 22, 23, 24, 25, 27, 29, 30, 31, 32, 34, 36, 39, 40, 48, 49, 55, 61, 62, 63, 64, 65, 66, 69, 75, 76, 77, 78, 80, 82, 83, 87, 88, 89, 91, 92, 94, 95, 98, 99, 104, 106, 137, 139, 152, 154, 157, 158, 159, 160, 161, 163, 166, 167, 168, 170, 171, 172, 174, 175, 177, 180, 181, 182, 183, 184, 186, 188, 191, 192, 194, 195, 196, 199], "summary": {"covered_lines": 81, "num_statements": 81, "percent_covered": 100.0, "percent_covered_display": "100.00", "missing_lines": 0, "excluded_lines": 2, "percent_statements_covered": 100.0, "percent_statements_covered_display": "100.00", "num_branches": 32, "num_partial_branches": 0, "covered_branches": 32, "missing_branches": 0, "percent_branches_covered": 100.0, "percent_branches_covered_display": "100.00"}, "missing_lines": [], "excluded_lines": [199, 200], "executed_branches": [[23, 24], [23, 30], [25, 27], [25, 29], [30, 31], [30, 39], [32, 34], [32, 36], [39, 40], [39, 48], [62, 63], [62, 64], [64, 65], [64, 66], [75, 76], [75, 77], [77, 78], [77, 80], [80, 82], [80, 87], [87, 88], [87, 91], [166, 167], [166, 170], [170, 171], [170, 174], [175, 177], [175, 188], [181, 182], [181, 183], [183, 184], [183, 186]], "missing_branches": []}}}, "plugins\\git\\__init__.py": {"executed_lines": [], "summary": {"covered_lines": 0, "num_statements": 0, "percent_covered": 100.0, "percent_covered_display": "100.00", "missing_lines": 0, "excluded_lines": 0, "percent_statements_covered": 100.0, "percent_statements_covered_display": "100.00", "num_branches": 0, "num_partial_branches": 0, "covered_branches": 0, "missing_branches": 0, "percent_branches_covered": 100.0, "percent_branches_covered_display": "100.00"}, "missing_lines": [], "excluded_lines": [], "executed_branches": [], "missing_branches": [], "functions": {"": {"executed_lines": [], "summary": {"covered_lines": 0, "num_statements": 0, "percent_covered": 100.0, "percent_covered_display": "100.00", "missing_lines": 0, "excluded_lines": 0, "percent_statements_covered": 100.0, "percent_statements_covered_display": "100.00", "num_branches": 0, "num_partial_branches": 0, "covered_branches": 0, "missing_branches": 0, "percent_branches_covered": 100.0, "percent_branches_covered_display": "100.00"}, "missing_lines": [], "excluded_lines": [], "executed_branches": [], "missing_branches": []}}, "classes": {"": {"executed_lines": [], "summary": {"covered_lines": 0, "num_statements": 0, "percent_covered": 100.0, "percent_covered_display": "100.00", "missing_lines": 0, "excluded_lines": 0, "percent_statements_covered": 100.0, "percent_statements_covered_display": "100.00", "num_branches": 0, "num_partial_branches": 0, "covered_branches": 0, "missing_branches": 0, "percent_branches_covered": 100.0, "percent_branches_covered_display": "100.00"}, "missing_lines": [], "excluded_lines": [], "executed_branches": [], "missing_branches": []}}}, "plugins\\git\\cli.py": {"executed_lines": [2, 9, 10, 11, 12, 13, 14, 17, 19, 21, 22, 23, 24, 25, 27, 29, 30, 31, 32, 33, 34, 36, 38, 41, 42, 50, 51, 57, 63, 64, 65, 66, 67, 68, 71, 77, 78, 79, 80, 82, 84, 85, 89, 90, 91, 93, 94, 96, 97, 100, 101, 106, 108, 139, 141, 154, 156, 159, 160, 161, 162, 163, 165, 168, 169, 170, 172, 173, 174, 176, 177, 179, 182, 183, 184, 185, 186, 188, 190, 193, 194, 196, 197, 198, 201], "summary": {"covered_lines": 83, "num_statements": 83, "percent_covered": 100.0, "percent_covered_display": "100.00", "missing_lines": 0, "excluded_lines": 2, "percent_statements_covered": 100.0, "percent_statements_covered_display": "100.00", "num_branches": 34, "num_partial_branches": 0, "covered_branches": 34, "missing_branches": 0, "percent_branches_covered": 100.0, "percent_branches_covered_display": "100.00"}, "missing_lines": [], "excluded_lines": [201, 202], "executed_branches": [[23, 24], [23, 30], [25, 27], [25, 29], [30, 31], [30, 41], [32, 33], [32, 34], [34, 36], [34, 38], [41, 42], [41, 50], [64, 65], [64, 66], [66, 67], [66, 68], [77, 78], [77, 79], [79, 80], [79, 82], [82, 84], [82, 89], [89, 90], [89, 93], [168, 169], [168, 172], [172, 173], [172, 176], [177, 179], [177, 190], [183, 184], [183, 185], [185, 186], [185, 188]], "missing_branches": [], "functions": {"run": {"executed_lines": [19, 21, 22, 23, 24, 25, 27, 29, 30, 31, 32, 33, 34, 36, 38, 41, 42, 50, 51, 57, 63, 64, 65, 66, 67, 68, 71, 77, 78, 79, 80, 82, 84, 85, 89, 90, 91, 93, 94, 96, 97, 100, 101], "summary": {"covered_lines": 43, "num_statements": 43, "percent_covered": 100.0, "percent_covered_display": "100.00", "missing_lines": 0, "excluded_lines": 0, "percent_statements_covered": 100.0, "percent_statements_covered_display": "100.00", "num_branches": 24, "num_partial_branches": 0, "covered_branches": 24, "missing_branches": 0, "percent_branches_covered": 100.0, "percent_branches_covered_display": "100.00"}, "missing_lines": [], "excluded_lines": [], "executed_branches": [[23, 24], [23, 30], [25, 27], [25, 29], [30, 31], [30, 41], [32, 33], [32, 34], [34, 36], [34, 38], [41, 42], [41, 50], [64, 65], [64, 66], [66, 67], [66, 68], [77, 78], [77, 79], [79, 80], [79, 82], [82, 84], [82, 89], [89, 90], [89, 93]], "missing_branches": []}, "describe": {"executed_lines": [108], "summary": {"covered_lines": 1, "num_statements": 1, "percent_covered": 100.0, "percent_covered_display": "100.00", "missing_lines": 0, "excluded_lines": 0, "percent_statements_covered": 100.0, "percent_statements_covered_display": "100.00", "num_branches": 0, "num_partial_branches": 0, "covered_branches": 0, "missing_branches": 0, "percent_branches_covered": 100.0, "percent_branches_covered_display": "100.00"}, "missing_lines": [], "excluded_lines": [], "executed_branches": [], "missing_branches": []}, "main": {"executed_lines": [141, 154, 156, 159, 160, 161, 162, 163, 165, 168, 169, 170, 172, 173, 174, 176, 177, 179, 182, 183, 184, 185, 186, 188, 190, 193, 194, 196, 197, 198], "summary": {"covered_lines": 30, "num_statements": 30, "percent_covered": 100.0, "percent_covered_display": "100.00", "missing_lines": 0, "excluded_lines": 0, "percent_statements_covered": 100.0, "percent_statements_covered_display": "100.00", "num_branches": 10, "num_partial_branches": 0, "covered_branches": 10, "missing_branches": 0, "percent_branches_covered": 100.0, "percent_branches_covered_display": "100.00"}, "missing_lines": [], "excluded_lines": [], "executed_branches": [[168, 169], [168, 172], [172, 173], [172, 176], [177, 179], [177, 190], [183, 184], [183, 185], [185, 186], [185, 188]], "missing_branches": []}, "": {"executed_lines": [2, 9, 10, 11, 12, 13, 14, 17, 106, 139, 201], "summary": {"covered_lines": 9, "num_statements": 9, "percent_covered": 100.0, "percent_covered_display": "100.00", "missing_lines": 0, "excluded_lines": 2, "percent_statements_covered": 100.0, "percent_statements_covered_display": "100.00", "num_branches": 0, "num_partial_branches": 0, "covered_branches": 0, "missing_branches": 0, "percent_branches_covered": 100.0, "percent_branches_covered_display": "100.00"}, "missing_lines": [], "excluded_lines": [201, 202], "executed_branches": [], "missing_branches": []}}, "classes": {"": {"executed_lines": [2, 9, 10, 11, 12, 13, 14, 17, 19, 21, 22, 23, 24, 25, 27, 29, 30, 31, 32, 33, 34, 36, 38, 41, 42, 50, 51, 57, 63, 64, 65, 66, 67, 68, 71, 77, 78, 79, 80, 82, 84, 85, 89, 90, 91, 93, 94, 96, 97, 100, 101, 106, 108, 139, 141, 154, 156, 159, 160, 161, 162, 163, 165, 168, 169, 170, 172, 173, 174, 176, 177, 179, 182, 183, 184, 185, 186, 188, 190, 193, 194, 196, 197, 198, 201], "summary": {"covered_lines": 83, "num_statements": 83, "percent_covered": 100.0, "percent_covered_display": "100.00", "missing_lines": 0, "excluded_lines": 2, "percent_statements_covered": 100.0, "percent_statements_covered_display": "100.00", "num_branches": 34, "num_partial_branches": 0, "covered_branches": 34, "missing_branches": 0, "percent_branches_covered": 100.0, "percent_branches_covered_display": "100.00"}, "missing_lines": [], "excluded_lines": [201, 202], "executed_branches": [[23, 24], [23, 30], [25, 27], [25, 29], [30, 31], [30, 41], [32, 33], [32, 34], [34, 36], [34, 38], [41, 42], [41, 50], [64, 65], [64, 66], [66, 67], [66, 68], [77, 78], [77, 79], [79, 80], [79, 82], [82, 84], [82, 89], [89, 90], [89, 93], [168, 169], [168, 172], [172, 173], [172, 176], [177, 179], [177, 190], [183, 184], [183, 185], [185, 186], [185, 188]], "missing_branches": []}}}}, "totals": {"covered_lines": 164, "num_statements": 164, "percent_covered": 100.0, "percent_covered_display": "100.00", "missing_lines": 0, "excluded_lines": 4, "percent_statements_covered": 100.0, "percent_statements_covered_display": "100.00", "num_branches": 66, "num_partial_branches": 0, "covered_branches": 66, "missing_branches": 0, "percent_branches_covered": 100.0, "percent_branches_covered_display": "100.00"}}